###############################################################################
#                                                                             #
# IAR C/C++ Compiler V7.60.1.40026 for 8051             09/Jan/2012  21:03:16 #
# Copyright (C) 2004-2010 IAR Systems AB.                                     #
#                                                                             #
#    Core               =  plain                                              #
#    Code model         =  banked                                             #
#    Data model         =  large                                              #
#    Calling convention =  xdata reentrant                                    #
#    Constant location  =  data_rom                                           #
#    Dptr setup         =  1,16                                               #
#    Source file        =  F:\Zigbee节点控制程序\Components\hal\target\CC2530 #
#                          EB\hal_key.c                                       #
#    Command line       =  -f F:\Zigbee节点控制程序\Projects\zstack\Samples\S #
#                          impleApp\CC2530DB\..\..\..\Tools\CC2530DB\f8wEndev #
#                          .cfg (-DCPU32MHZ -DROOT=__near_func                #
#                          -DMAC_CFG_TX_DATA_MAX=3 -DMAC_CFG_TX_MAX=6         #
#                          -DMAC_CFG_RX_MAX=3) -f F:\Zigbee节点控制程序\Proje #
#                          cts\zstack\Samples\SimpleApp\CC2530DB\..\..\..\Too #
#                          ls\CC2530DB\f8wConfig.cfg (-DZIGBEEPRO -DSECURE=0  #
#                          -DZG_SECURE_DYNAMIC=0 -DREFLECTOR                  #
#                          -DDEFAULT_CHANLIST=0x00000800                      #
#                          -DZDAPP_CONFIG_PAN_ID=0xFFFF                       #
#                          -DNWK_START_DELAY=100 -DEXTENDED_JOINING_RANDOM_MA #
#                          SK=0x007F -DBEACON_REQUEST_DELAY=100               #
#                          -DBEACON_REQ_DELAY_MASK=0x00FF                     #
#                          -DLINK_STATUS_JITTER_MASK=0x007F                   #
#                          -DROUTE_EXPIRY_TIME=30 -DAPSC_ACK_WAIT_DURATION_PO #
#                          LLED=3000 -DNWK_INDIRECT_MSG_TIMEOUT=7             #
#                          -DMAX_RREQ_ENTRIES=8 -DAPSC_MAX_FRAME_RETRIES=3    #
#                          -DNWK_MAX_DATA_RETRIES=2                           #
#                          -DMAX_POLL_FAILURE_RETRIES=2 -DMAX_BCAST=9         #
#                          -DAPS_MAX_GROUPS=16 -DMAX_RTG_ENTRIES=40           #
#                          -DNWK_MAX_BINDING_ENTRIES=4                        #
#                          -DMAX_BINDING_CLUSTER_IDS=4 "-DDEFAULT_KEY={0x01,  #
#                          0x03, 0x05, 0x07, 0x09, 0x0B, 0x0D, 0x0F, 0x00,    #
#                          0x02, 0x04, 0x06, 0x08, 0x0A, 0x0C, 0x0D}"         #
#                          -DMAC_MAX_FRAME_SIZE=116                           #
#                          -DZDNWKMGR_MIN_TRANSMISSIONS=20 "-DCONST=const     #
#                          __code" -DGENERIC=__generic                        #
#                          -DRFD_RCVC_ALWAYS_ON=FALSE -DPOLL_RATE=1000        #
#                          -DQUEUED_POLL_RATE=100 -DRESPONSE_POLL_RATE=100)   #
#                          -DREJOIN_POLL_RATE=440 F:\Zigbee节点控制程序\Compo #
#                          nents\hal\target\CC2530EB\hal_key.c -D             #
#                          NWK_AUTO_POLL -D HOLD_AUTO_START -D REFLECTOR -D   #
#                          POWER_SAVING -D NV_INIT -D xNV_RESTORE -D          #
#                          xZTOOL_P1 -D xMT_TASK -D xMT_SYS_FUNC -D           #
#                          xMT_SAPI_FUNC -D xMT_SAPI_CB_FUNC -lC              #
#                          F:\Zigbee节点控制程序\Projects\zstack\Samples\Simp #
#                          leApp\CC2530DB\SimpleSwitchEB\List\ -lA            #
#                          F:\Zigbee节点控制程序\Projects\zstack\Samples\Simp #
#                          leApp\CC2530DB\SimpleSwitchEB\List\                #
#                          --diag_suppress Pe001,Pa010 -o                     #
#                          F:\Zigbee节点控制程序\Projects\zstack\Samples\Simp #
#                          leApp\CC2530DB\SimpleSwitchEB\Obj\ -e              #
#                          --require_prototypes --no_code_motion --debug      #
#                          --core=plain --dptr=16,1 --data_model=large        #
#                          --code_model=banked --calling_convention=xdata_ree #
#                          ntrant --place_constants=data_rom                  #
#                          --nr_virtual_regs 16 -I F:\Zigbee节点控制程序\Proj #
#                          ects\zstack\Samples\SimpleApp\CC2530DB\ -I         #
#                          F:\Zigbee节点控制程序\Projects\zstack\Samples\Simp #
#                          leApp\CC2530DB\..\Source\ -I                       #
#                          F:\Zigbee节点控制程序\Projects\zstack\Samples\Simp #
#                          leApp\CC2530DB\..\..\..\ZMain\TI2530DB\ -I         #
#                          F:\Zigbee节点控制程序\Projects\zstack\Samples\Simp #
#                          leApp\CC2530DB\..\..\..\..\..\Components\hal\inclu #
#                          de\ -I F:\Zigbee节点控制程序\Projects\zstack\Sampl #
#                          es\SimpleApp\CC2530DB\..\..\..\..\..\Components\ha #
#                          l\target\CC2530EB\ -I F:\Zigbee节点控制程序\Projec #
#                          ts\zstack\Samples\SimpleApp\CC2530DB\..\..\..\..\. #
#                          .\Components\mac\include\ -I                       #
#                          F:\Zigbee节点控制程序\Projects\zstack\Samples\Simp #
#                          leApp\CC2530DB\..\..\..\..\..\Components\mac\high_ #
#                          level\ -I F:\Zigbee节点控制程序\Projects\zstack\Sa #
#                          mples\SimpleApp\CC2530DB\..\..\..\..\..\Components #
#                          \mac\low_level\srf04\ -I                           #
#                          F:\Zigbee节点控制程序\Projects\zstack\Samples\Simp #
#                          leApp\CC2530DB\..\..\..\..\..\Components\mac\low_l #
#                          evel\srf04\single_chip\ -I                         #
#                          F:\Zigbee节点控制程序\Projects\zstack\Samples\Simp #
#                          leApp\CC2530DB\..\..\..\..\..\Components\mt\ -I    #
#                          F:\Zigbee节点控制程序\Projects\zstack\Samples\Simp #
#                          leApp\CC2530DB\..\..\..\..\..\Components\osal\incl #
#                          ude\ -I F:\Zigbee节点控制程序\Projects\zstack\Samp #
#                          les\SimpleApp\CC2530DB\..\..\..\..\..\Components\o #
#                          sal\mcu\ccsoc\ -I F:\Zigbee节点控制程序\Projects\z #
#                          stack\Samples\SimpleApp\CC2530DB\..\..\..\..\..\Co #
#                          mponents\services\saddr\ -I                        #
#                          F:\Zigbee节点控制程序\Projects\zstack\Samples\Simp #
#                          leApp\CC2530DB\..\..\..\..\..\Components\services\ #
#                          sdata\ -I F:\Zigbee节点控制程序\Projects\zstack\Sa #
#                          mples\SimpleApp\CC2530DB\..\..\..\..\..\Components #
#                          \stack\af\ -I F:\Zigbee节点控制程序\Projects\zstac #
#                          k\Samples\SimpleApp\CC2530DB\..\..\..\..\..\Compon #
#                          ents\stack\nwk\ -I F:\Zigbee节点控制程序\Projects\ #
#                          zstack\Samples\SimpleApp\CC2530DB\..\..\..\..\..\C #
#                          omponents\stack\sapi\ -I                           #
#                          F:\Zigbee节点控制程序\Projects\zstack\Samples\Simp #
#                          leApp\CC2530DB\..\..\..\..\..\Components\stack\sec #
#                          \ -I F:\Zigbee节点控制程序\Projects\zstack\Samples #
#                          \SimpleApp\CC2530DB\..\..\..\..\..\Components\stac #
#                          k\sys\ -I F:\Zigbee节点控制程序\Projects\zstack\Sa #
#                          mples\SimpleApp\CC2530DB\..\..\..\..\..\Components #
#                          \stack\zdo\ -I F:\Zigbee节点控制程序\Projects\zsta #
#                          ck\Samples\SimpleApp\CC2530DB\..\..\..\..\..\Compo #
#                          nents\zmac\ -I F:\Zigbee节点控制程序\Projects\zsta #
#                          ck\Samples\SimpleApp\CC2530DB\..\..\..\..\..\Compo #
#                          nents\zmac\f8w\ -I "D:\Program Files\IAR           #
#                          Systems\Embedded Workbench 5.4\8051\INC\" -I       #
#                          "D:\Program Files\IAR Systems\Embedded Workbench   #
#                          5.4\8051\INC\CLIB\" -Ohz                           #
#    List file          =  F:\Zigbee节点控制程序\Projects\zstack\Samples\Simp #
#                          leApp\CC2530DB\SimpleSwitchEB\List\hal_key.lst     #
#    Object file        =  F:\Zigbee节点控制程序\Projects\zstack\Samples\Simp #
#                          leApp\CC2530DB\SimpleSwitchEB\Obj\hal_key.r51      #
#                                                                             #
#                                                                             #
###############################################################################

F:\Zigbee节点控制程序\Components\hal\target\CC2530EB\hal_key.c
      1          /**************************************************************************************************
      2            Filename:       hal_key.c
      3            Revised:        $Date: 2010-09-15 19:02:45 -0700 (Wed, 15 Sep 2010) $
      4            Revision:       $Revision: 23815 $
      5          
      6            Description:    This file contains the interface to the HAL KEY Service.
      7          
      8          
      9            Copyright 2006-2010 Texas Instruments Incorporated. All rights reserved.
     10          
     11            IMPORTANT: Your use of this Software is limited to those specific rights
     12            granted under the terms of a software license agreement between the user
     13            who downloaded the software, his/her employer (which must be your employer)
     14            and Texas Instruments Incorporated (the "License").  You may not use this
     15            Software unless you agree to abide by the terms of the License. The License
     16            limits your use, and you acknowledge, that the Software may not be modified,
     17            copied or distributed unless embedded on a Texas Instruments microcontroller
     18            or used solely and exclusively in conjunction with a Texas Instruments radio
     19            frequency transceiver, which is integrated into your product.  Other than for
     20            the foregoing purpose, you may not use, reproduce, copy, prepare derivative
     21            works of, modify, distribute, perform, display or sell this Software and/or
     22            its documentation for any purpose.
     23          
     24            YOU FURTHER ACKNOWLEDGE AND AGREE THAT THE SOFTWARE AND DOCUMENTATION ARE
     25            PROVIDED AS IS?WITHOUT WARRANTY OF ANY KIND, EITHER EXPRESS OR IMPLIED,
     26            INCLUDING WITHOUT LIMITATION, ANY WARRANTY OF MERCHANTABILITY, TITLE,
     27            NON-INFRINGEMENT AND FITNESS FOR A PARTICULAR PURPOSE. IN NO EVENT SHALL
     28            TEXAS INSTRUMENTS OR ITS LICENSORS BE LIABLE OR OBLIGATED UNDER CONTRACT,
     29            NEGLIGENCE, STRICT LIABILITY, CONTRIBUTION, BREACH OF WARRANTY, OR OTHER
     30            LEGAL EQUITABLE THEORY ANY DIRECT OR INDIRECT DAMAGES OR EXPENSES
     31            INCLUDING BUT NOT LIMITED TO ANY INCIDENTAL, SPECIAL, INDIRECT, PUNITIVE
     32            OR CONSEQUENTIAL DAMAGES, LOST PROFITS OR LOST DATA, COST OF PROCUREMENT
     33            OF SUBSTITUTE GOODS, TECHNOLOGY, SERVICES, OR ANY CLAIMS BY THIRD PARTIES
     34            (INCLUDING BUT NOT LIMITED TO ANY DEFENSE THEREOF), OR OTHER SIMILAR COSTS.
     35          
     36            Should you have any questions regarding your right to use this Software,
     37            contact Texas Instruments Incorporated at www.TI.com.
     38          **************************************************************************************************/
     39          /*********************************************************************
     40           NOTE: If polling is used, the hal_driver task schedules the KeyRead()
     41                 to occur every 100ms.  This should be long enough to naturally
     42                 debounce the keys.  The KeyRead() function remembers the key
     43                 state of the previous poll and will only return a non-zero
     44                 value if the key state changes.
     45          
     46           NOTE: If interrupts are used, the KeyRead() function is scheduled
     47                 25ms after the interrupt occurs by the ISR.  This delay is used
     48                 for key debouncing.  The ISR disables any further Key interrupt
     49                 until KeyRead() is executed.  KeyRead() will re-enable Key
     50                 interrupts after executing.  Unlike polling, when interrupts
     51                 are enabled, the previous key state is not remembered.  This
     52                 means that KeyRead() will return the current state of the keys
     53                 (not a change in state of the keys).
     54          
     55           NOTE: If interrupts are used, the KeyRead() fucntion is scheduled by
     56                 the ISR.  Therefore, the joystick movements will only be detected
     57                 during a pushbutton interrupt caused by S1 or the center joystick
     58                 pushbutton.
     59          
     60           NOTE: When a switch like S1 is pushed, the S1 signal goes from a normally
     61                 high state to a low state.  This transition is typically clean.  The
     62                 duration of the low state is around 200ms.  When the signal returns
     63                 to the high state, there is a high likelihood of signal bounce, which
     64                 causes a unwanted interrupts.  Normally, we would set the interrupt
     65                 edge to falling edge to generate an interrupt when S1 is pushed, but
     66                 because of the signal bounce, it is better to set the edge to rising
     67                 edge to generate an interrupt when S1 is released.  The debounce logic
     68                 can then filter out the signal bounce.  The result is that we typically
     69                 get only 1 interrupt per button push.  This mechanism is not totally
     70                 foolproof because occasionally, signal bound occurs during the falling
     71                 edge as well.  A similar mechanism is used to handle the joystick
     72                 pushbutton on the DB.  For the EB, we do not have independent control
     73                 of the interrupt edge for the S1 and center joystick pushbutton.  As
     74                 a result, only one or the other pushbuttons work reasonably well with
     75                 interrupts.  The default is the make the S1 switch on the EB work more
     76                 reliably.
     77          
     78          *********************************************************************/
     79          
     80          /**************************************************************************************************
     81           *                                            INCLUDES
     82           **************************************************************************************************/
     83          #include "hal_mcu.h"

   \                                 In  segment SFR_AN, at 0x80
   \   union <unnamed> volatile __sfr _A_P0
   \                     _A_P0:
   \   000000                DS 1

   \                                 In  segment SFR_AN, at 0x89
   \   unsigned char volatile __sfr P0IFG
   \                     P0IFG:
   \   000000                DS 1

   \                                 In  segment SFR_AN, at 0x8b
   \   unsigned char volatile __sfr P2IFG
   \                     P2IFG:
   \   000000                DS 1

   \                                 In  segment SFR_AN, at 0x8c
   \   unsigned char volatile __sfr PICTL
   \                     PICTL:
   \   000000                DS 1

   \                                 In  segment SFR_AN, at 0x9a
   \   unsigned char volatile __sfr IEN2
   \                     IEN2:
   \   000000                DS 1

   \                                 In  segment SFR_AN, at 0xa0
   \   union <unnamed> volatile __sfr _A_P2
   \                     _A_P2:
   \   000000                DS 1

   \                                 In  segment SFR_AN, at 0xa8
   \   union <unnamed> volatile __sfr _A_IEN0
   \                     _A_IEN0:
   \   000000                DS 1

   \                                 In  segment SFR_AN, at 0xab
   \   unsigned char volatile __sfr P0IEN
   \                     P0IEN:
   \   000000                DS 1

   \                                 In  segment SFR_AN, at 0xac
   \   unsigned char volatile __sfr P2IEN
   \                     P2IEN:
   \   000000                DS 1

   \                                 In  segment SFR_AN, at 0xb8
   \   union <unnamed> volatile __sfr _A_IEN1
   \                     _A_IEN1:
   \   000000                DS 1

   \                                 In  segment SFR_AN, at 0xc0
   \   union <unnamed> volatile __sfr _A_IRCON
   \                     _A_IRCON:
   \   000000                DS 1

   \                                 In  segment SFR_AN, at 0xe8
   \   union <unnamed> volatile __sfr _A_IRCON2
   \                     _A_IRCON2:
   \   000000                DS 1

   \                                 In  segment SFR_AN, at 0xf3
   \   unsigned char volatile __sfr P0SEL
   \                     P0SEL:
   \   000000                DS 1

   \                                 In  segment SFR_AN, at 0xfd
   \   unsigned char volatile __sfr P0DIR
   \                     P0DIR:
   \   000000                DS 1
     84          #include "hal_defs.h"
     85          #include "hal_types.h"
     86          #include "hal_board.h"
     87          #include "hal_drivers.h"
     88          #include "hal_adc.h"
     89          #include "hal_key.h"
     90          #include "osal.h"
     91          
     92          #if (defined HAL_KEY) && (HAL_KEY == TRUE)
     93          
     94          #define HAL_KEY_JOY_MOVE    0
     95          /**************************************************************************************************
     96           *                                              MACROS
     97           **************************************************************************************************/
     98          
     99          /**************************************************************************************************
    100           *                                            CONSTANTS
    101           **************************************************************************************************/
    102          #define HAL_KEY_RISING_EDGE   0
    103          #define HAL_KEY_FALLING_EDGE  1
    104          
    105          #define HAL_KEY_DEBOUNCE_VALUE  25
    106          
    107          /* CPU port interrupt */
    108          #define HAL_KEY_CPU_PORT_0_IF P0IF
    109          #define HAL_KEY_CPU_PORT_2_IF P2IF
    110          
    111          /* SW_6 is at P0.1 */
    112          #define HAL_KEY_SW_6_PORT   P0
    113          #define HAL_KEY_SW_6_BIT    BV(1)
    114          #define HAL_KEY_SW_6_SEL    P0SEL
    115          #define HAL_KEY_SW_6_DIR    P0DIR
    116          
    117          /* edge interrupt */
    118          #define HAL_KEY_SW_6_EDGEBIT  BV(1)
    119          #define HAL_KEY_SW_6_EDGE     HAL_KEY_FALLING_EDGE
    120          
    121          
    122          /* SW_6 interrupts */
    123          #define HAL_KEY_SW_6_IEN      IEN1  /* CPU interrupt mask register */
    124          #define HAL_KEY_SW_6_IENBIT   BV(1) /* Mask bit for all of Port_0 */
    125          #define HAL_KEY_SW_6_ICTL     P0IEN /* Port Interrupt Control register */
    126          #define HAL_KEY_SW_6_ICTLBIT  BV(1) /* P0IEN - P0.1 enable/disable bit */
    127          #define HAL_KEY_SW_6_PXIFG    P0IFG /* Interrupt flag at source */
    128          
    129          /* Joy stick move at P2.0 */
    130          #define HAL_KEY_JOY_MOVE_PORT   P2
    131          #define HAL_KEY_JOY_MOVE_BIT    BV(0)
    132          #define HAL_KEY_JOY_MOVE_SEL    P2SEL
    133          #define HAL_KEY_JOY_MOVE_DIR    P2DIR
    134          
    135          /* edge interrupt */
    136          #define HAL_KEY_JOY_MOVE_EDGEBIT  BV(3)
    137          #define HAL_KEY_JOY_MOVE_EDGE     HAL_KEY_FALLING_EDGE
    138          
    139          /* Joy move interrupts */
    140          #define HAL_KEY_JOY_MOVE_IEN      IEN2  /* CPU interrupt mask register */
    141          #define HAL_KEY_JOY_MOVE_IENBIT   BV(1) /* Mask bit for all of Port_2 */
    142          #define HAL_KEY_JOY_MOVE_ICTL     P2IEN /* Port Interrupt Control register */
    143          #define HAL_KEY_JOY_MOVE_ICTLBIT  BV(0) /* P2IENL - P2.0<->P2.3 enable/disable bit */
    144          #define HAL_KEY_JOY_MOVE_PXIFG    P2IFG /* Interrupt flag at source */
    145          
    146          #define HAL_KEY_JOY_CHN   HAL_ADC_CHANNEL_6
    147          
    148          
    149          /**************************************************************************************************
    150           *                                            TYPEDEFS
    151           **************************************************************************************************/
    152          
    153          
    154          /**************************************************************************************************
    155           *                                        GLOBAL VARIABLES
    156           **************************************************************************************************/

   \                                 In  segment XDATA_Z, align 1, keep-with-next
    157          static uint8 halKeySavedKeys;     /* used to store previous key state in polling mode */
   \                     halKeySavedKeys:
   \   000000                DS 1
   \   000001                REQUIRE __INIT_XDATA_Z

   \                                 In  segment XDATA_Z, align 1, keep-with-next
    158          static halKeyCBack_t pHalKeyProcessFunction;
   \                     pHalKeyProcessFunction:
   \   000000                DS 2
   \   000002                REQUIRE __INIT_XDATA_Z

   \                                 In  segment XDATA_Z, align 1, keep-with-next
    159          static uint8 HalKeyConfigured;
   \                     HalKeyConfigured:
   \   000000                DS 1
   \   000001                REQUIRE __INIT_XDATA_Z

   \                                 In  segment XDATA_Z, align 1, keep-with-next
    160          bool Hal_KeyIntEnable;            /* interrupt enable/disable flag */
   \                     Hal_KeyIntEnable:
   \   000000                DS 1
   \   000001                REQUIRE __INIT_XDATA_Z
    161          
    162          /**************************************************************************************************
    163           *                                        FUNCTIONS - Local
    164           **************************************************************************************************/
    165          void halProcessKeyInterrupt(void);
    166          uint8 halGetJoyKeyInput(void);
    167          
    168          
    169          
    170          /**************************************************************************************************
    171           *                                        FUNCTIONS - API
    172           **************************************************************************************************/
    173          
    174          
    175          /**************************************************************************************************
    176           * @fn      HalKeyInit
    177           *
    178           * @brief   Initilize Key Service
    179           *
    180           * @param   none
    181           *
    182           * @return  None
    183           **************************************************************************************************/

   \                                 In  segment BANKED_CODE, align 1, keep-with-next
    184          void HalKeyInit( void )
   \                     HalKeyInit:
    185          {
   \   000000   C082         PUSH    DPL
   \   000002   C083         PUSH    DPH
   \   000004                ; Saved register size: 2
   \   000004                ; Auto size: 0
    186            /* Initialize previous key to 0 */
    187            halKeySavedKeys = 0;
   \   000004   E4           CLR     A
   \   000005   90....       MOV     DPTR,#halKeySavedKeys
   \   000008   F0           MOVX    @DPTR,A
    188          
    189            HAL_KEY_SW_6_SEL &= ~(HAL_KEY_SW_6_BIT);    /* Set pin function to GPIO */
   \   000009   53F3FD       ANL     0xf3,#0xfd
    190            HAL_KEY_SW_6_DIR &= ~(HAL_KEY_SW_6_BIT);    /* Set pin direction to Input */
   \   00000C   53FDFD       ANL     0xfd,#0xfd
    191          
    192          #if HAL_KEY_JOY_MOVE
    193            HAL_KEY_JOY_MOVE_SEL &= ~(HAL_KEY_JOY_MOVE_BIT); /* Set pin function to GPIO */
    194            HAL_KEY_JOY_MOVE_DIR &= ~(HAL_KEY_JOY_MOVE_BIT); /* Set pin direction to Input */
    195          #endif
    196          
    197            /* Initialize callback function */
    198            pHalKeyProcessFunction  = NULL;
   \   00000F   90....       MOV     DPTR,#pHalKeyProcessFunction
   \   000012   F0           MOVX    @DPTR,A
   \   000013   A3           INC     DPTR
   \   000014   F0           MOVX    @DPTR,A
    199          
    200            /* Start with key is not configured */
    201            HalKeyConfigured = FALSE;
   \   000015   90....       MOV     DPTR,#HalKeyConfigured
   \   000018   F0           MOVX    @DPTR,A
    202          }
   \   000019   02....       LJMP    ?Subroutine0 & 0xFFFF
   \   00001C                REQUIRE P0SEL
   \   00001C                REQUIRE P0DIR

   \                                 In  segment BANKED_CODE, align 1, keep-with-next
   \                     ?Subroutine0:
   \   000000   D083         POP     DPH
   \   000002   D082         POP     DPL
   \   000004   02....       LJMP    ?BRET
    203          
    204          
    205          /**************************************************************************************************
    206           * @fn      HalKeyConfig
    207           *
    208           * @brief   Configure the Key serivce
    209           *
    210           * @param   interruptEnable - TRUE/FALSE, enable/disable interrupt
    211           *          cback - pointer to the CallBack function
    212           *
    213           * @return  None
    214           **************************************************************************************************/

   \                                 In  segment BANKED_CODE, align 1, keep-with-next
    215          void HalKeyConfig (bool interruptEnable, halKeyCBack_t cback)
   \                     HalKeyConfig:
    216          {
   \   000000   74F7         MOV     A,#-0x9
   \   000002   12....       LCALL   ?BANKED_ENTER_XDATA
   \   000005                ; Saved register size: 9
   \   000005                ; Auto size: 0
   \   000005   E9           MOV     A,R1
    217            /* Enable/Disable Interrupt or */
    218            Hal_KeyIntEnable = interruptEnable;
   \   000006   90....       MOV     DPTR,#Hal_KeyIntEnable
   \   000009   F0           MOVX    @DPTR,A
    219          
    220            /* Register the callback fucntion */
    221            pHalKeyProcessFunction = cback;
   \   00000A   90....       MOV     DPTR,#pHalKeyProcessFunction
   \   00000D   EA           MOV     A,R2
   \   00000E   F0           MOVX    @DPTR,A
   \   00000F   A3           INC     DPTR
   \   000010   EB           MOV     A,R3
   \   000011   F0           MOVX    @DPTR,A
    222          
    223            /* Determine if interrupt is enable or not */
    224            if (Hal_KeyIntEnable)
   \   000012   90....       MOV     DPTR,#Hal_KeyIntEnable
   \   000015   E0           MOVX    A,@DPTR
   \   000016   6033         JZ      ??HalKeyConfig_0
    225            {
    226              /* Rising/Falling edge configuratinn */
    227          
    228              PICTL &= ~(HAL_KEY_SW_6_EDGEBIT);    /* Clear the edge bit */
   \   000018   538CFD       ANL     0x8c,#0xfd
    229              /* For falling edge, the bit must be set. */
    230            #if (HAL_KEY_SW_6_EDGE == HAL_KEY_FALLING_EDGE)
    231              PICTL |= HAL_KEY_SW_6_EDGEBIT;
   \   00001B   438C02       ORL     0x8c,#0x2
    232            #endif
    233          
    234              /* Interrupt configuration:
    235               * - Enable interrupt generation at the port
    236               * - Enable CPU interrupt
    237               * - Clear any pending interrupt
    238               */
    239          #if 1
    240              HAL_KEY_SW_6_ICTL |= HAL_KEY_SW_6_ICTLBIT;
   \   00001E   43AB02       ORL     0xab,#0x2
    241              HAL_KEY_SW_6_IEN |= HAL_KEY_SW_6_IENBIT;
   \   000021   D2B9         SETB    0xb8.1
    242              HAL_KEY_SW_6_PXIFG = ~(HAL_KEY_SW_6_BIT);
   \   000023   7589FD       MOV     0x89,#-0x3
    243          #else
    244                P0IFG = 0;
    245            P0IF = 0;
    246            IP0 = 0x20;
    247            PICTL |= 0x11;
    248            P0IEN |= 0x12;
    249            P0IE=1;//P0中断使能
    250          #endif
    251          
    252          
    253              /* Rising/Falling edge configuratinn */
    254          
    255              HAL_KEY_JOY_MOVE_ICTL &= ~(HAL_KEY_JOY_MOVE_EDGEBIT);    /* Clear the edge bit */
   \   000026   53ACF7       ANL     0xac,#0xf7
    256              /* For falling edge, the bit must be set. */
    257            #if (HAL_KEY_JOY_MOVE_EDGE == HAL_KEY_FALLING_EDGE)
    258              HAL_KEY_JOY_MOVE_ICTL |= HAL_KEY_JOY_MOVE_EDGEBIT;
   \   000029   43AC08       ORL     0xac,#0x8
    259            #endif
    260          
    261          
    262              /* Interrupt configuration:
    263               * - Enable interrupt generation at the port
    264               * - Enable CPU interrupt
    265               * - Clear any pending interrupt
    266               */
    267              HAL_KEY_JOY_MOVE_ICTL |= HAL_KEY_JOY_MOVE_ICTLBIT;
   \   00002C   43AC01       ORL     0xac,#0x1
    268              HAL_KEY_JOY_MOVE_IEN |= HAL_KEY_JOY_MOVE_IENBIT;
   \   00002F   439A02       ORL     0x9a,#0x2
    269              HAL_KEY_JOY_MOVE_PXIFG = ~(HAL_KEY_JOY_MOVE_BIT);
   \   000032   758BFE       MOV     0x8b,#-0x2
    270          
    271          
    272              /* Do this only after the hal_key is configured - to work with sleep stuff */
    273              if (HalKeyConfigured == TRUE)
   \   000035   90....       MOV     DPTR,#HalKeyConfigured
   \   000038   E0           MOVX    A,@DPTR
   \   000039   6401         XRL     A,#0x1
   \   00003B   701F         JNZ     ??HalKeyConfig_1
    274              {
    275                osal_stop_timerEx(Hal_TaskID, HAL_KEY_EVENT);  /* Cancel polling if active */
   \   00003D                ; Setup parameters for call to function osal_stop_timerEx
   \   00003D   7A01         MOV     R2,#0x1
   \   00003F   7B00         MOV     R3,#0x0
   \   000041   90....       MOV     DPTR,#Hal_TaskID
   \   000044   E0           MOVX    A,@DPTR
   \   000045   F9           MOV     R1,A
   \   000046   12....       LCALL   ??osal_stop_timerEx?relay
   \   000049   8011         SJMP    ??HalKeyConfig_1
    276              }
    277            }
    278            else    /* Interrupts NOT enabled */
    279            {
    280              HAL_KEY_SW_6_ICTL &= ~(HAL_KEY_SW_6_ICTLBIT); /* don't generate interrupt */
   \                     ??HalKeyConfig_0:
   \   00004B   53ABFD       ANL     0xab,#0xfd
    281              HAL_KEY_SW_6_IEN &= ~(HAL_KEY_SW_6_IENBIT);   /* Clear interrupt enable bit */
   \   00004E   C2B9         CLR     0xb8.1
    282          
    283              osal_set_event(Hal_TaskID, HAL_KEY_EVENT);
   \   000050                ; Setup parameters for call to function osal_set_event
   \   000050   7A01         MOV     R2,#0x1
   \   000052   7B00         MOV     R3,#0x0
   \   000054   90....       MOV     DPTR,#Hal_TaskID
   \   000057   E0           MOVX    A,@DPTR
   \   000058   F9           MOV     R1,A
   \   000059   12....       LCALL   ??osal_set_event?relay
    284            }
    285          
    286            /* Key now is configured */
    287            HalKeyConfigured = TRUE;
   \                     ??HalKeyConfig_1:
   \   00005C   7401         MOV     A,#0x1
   \   00005E   90....       MOV     DPTR,#HalKeyConfigured
   \   000061   F0           MOVX    @DPTR,A
    288          }
   \   000062   FF           MOV     R7,A
   \   000063   02....       LJMP    ?BANKED_LEAVE_XDATA
   \   000066                REQUIRE P0IFG
   \   000066                REQUIRE P2IFG
   \   000066                REQUIRE PICTL
   \   000066                REQUIRE IEN2
   \   000066                REQUIRE P0IEN
   \   000066                REQUIRE P2IEN
   \   000066                REQUIRE _A_IEN1
    289          
    290          
    291          /**************************************************************************************************
    292           * @fn      HalKeyRead
    293           *
    294           * @brief   Read the current value of a key
    295           *
    296           * @param   None
    297           *
    298           * @return  keys - current keys status
    299           **************************************************************************************************/

   \                                 In  segment BANKED_CODE, align 1, keep-with-next
    300          uint8 HalKeyRead ( void )
   \                     HalKeyRead:
    301          {
   \   000000   74F7         MOV     A,#-0x9
   \   000002   12....       LCALL   ?BANKED_ENTER_XDATA
   \   000005                ; Saved register size: 9
   \   000005                ; Auto size: 0
    302            uint8 keys = 0;
   \   000005   75..00       MOV     ?V0 + 0,#0x0
    303          
    304            if (HAL_PUSH_BUTTON1())
   \   000008   A281         MOV     C,0x80.1
   \   00000A   4003         JC      ??HalKeyRead_0
    305            {
    306              keys |= HAL_KEY_SW_6;
   \   00000C   75..20       MOV     ?V0 + 0,#0x20
    307            }
    308          
    309            if ((HAL_KEY_JOY_MOVE_PORT & HAL_KEY_JOY_MOVE_BIT))  /* Key is active low */
   \                     ??HalKeyRead_0:
   \   00000F   A2A0         MOV     C,0xa0.0
   \   000011   5006         JNC     ??HalKeyRead_1
    310            {
    311              keys |= halGetJoyKeyInput();
   \   000013                ; Setup parameters for call to function halGetJoyKeyInput
   \   000013   12....       LCALL   ??halGetJoyKeyInput?relay
   \   000016   E9           MOV     A,R1
   \   000017   42..         ORL     ?V0 + 0,A
    312            }
    313          
    314            return keys;
   \                     ??HalKeyRead_1:
   \   000019   A9..         MOV     R1,?V0 + 0
   \   00001B                REQUIRE ?Subroutine1
   \   00001B                REQUIRE _A_P0
   \   00001B                REQUIRE _A_P2
   \   00001B                ; // Fall through to label ?Subroutine1
    315          }

   \                                 In  segment BANKED_CODE, align 1, keep-with-next
   \                     ?Subroutine1:
   \   000000   7F01         MOV     R7,#0x1
   \   000002   02....       LJMP    ?BANKED_LEAVE_XDATA
    316          
    317          
    318          /**************************************************************************************************
    319           * @fn      HalKeyPoll
    320           *
    321           * @brief   Called by hal_driver to poll the keys
    322           *
    323           * @param   None
    324           *
    325           * @return  None
    326           **************************************************************************************************/

   \                                 In  segment BANKED_CODE, align 1, keep-with-next
    327          void HalKeyPoll (void)
   \                     HalKeyPoll:
    328          {
   \   000000   C082         PUSH    DPL
   \   000002   C083         PUSH    DPH
   \   000004                ; Saved register size: 2
   \   000004                ; Auto size: 0
    329            uint8 keys = 0;
   \   000004   7900         MOV     R1,#0x0
    330          
    331          #if 0
    332            if ((HAL_KEY_JOY_MOVE_PORT & HAL_KEY_JOY_MOVE_BIT))  /* Key is active HIGH */
    333            {
    334              keys = halGetJoyKeyInput();
    335            }
    336          
    337            /* If interrupts are not enabled, previous key status and current key status
    338             * are compared to find out if a key has changed status.
    339             */
    340            if (!Hal_KeyIntEnable)
    341            {
    342              if (keys == halKeySavedKeys)
    343              {
    344                /* Exit - since no keys have changed */
    345                return;
    346              }
    347              /* Store the current keys for comparation next time */
    348              halKeySavedKeys = keys;
    349            }
    350            else
    351            {
    352              /* Key interrupt handled here */
    353            }
    354          #endif
    355            if (HAL_PUSH_BUTTON1())
   \   000006   A281         MOV     C,0x80.1
   \   000008   4002         JC      ??HalKeyPoll_0
    356            {
    357              keys |= HAL_KEY_SW_6;
   \   00000A   7920         MOV     R1,#0x20
    358            }
    359            if (keys == halKeySavedKeys) {
   \                     ??HalKeyPoll_0:
   \   00000C   90....       MOV     DPTR,#halKeySavedKeys
   \   00000F   E0           MOVX    A,@DPTR
   \   000010   69           XRL     A,R1
   \   000011   601E         JZ      ??HalKeyPoll_1
    360              return;
    361            }
    362            halKeySavedKeys = keys;  
   \   000013   E9           MOV     A,R1
   \   000014   F0           MOVX    @DPTR,A
    363            /* Invoke Callback if new keys were depressed */
    364            if (keys && (pHalKeyProcessFunction))
   \   000015   601A         JZ      ??HalKeyPoll_1
   \   000017   90....       MOV     DPTR,#pHalKeyProcessFunction
   \   00001A   E0           MOVX    A,@DPTR
   \   00001B   7002         JNZ     ??HalKeyPoll_2
   \   00001D   A3           INC     DPTR
   \   00001E   E0           MOVX    A,@DPTR
   \                     ??HalKeyPoll_2:
   \   00001F   6010         JZ      ??HalKeyPoll_1
    365            {
    366              (pHalKeyProcessFunction) (keys, HAL_KEY_STATE_NORMAL);
   \   000021                ; Setup parameters for indirect call
   \   000021   7A00         MOV     R2,#0x0
   \   000023   90....       MOV     DPTR,#pHalKeyProcessFunction
   \   000026   E0           MOVX    A,@DPTR
   \   000027   F8           MOV     R0,A
   \   000028   A3           INC     DPTR
   \   000029   E0           MOVX    A,@DPTR
   \   00002A   F583         MOV     DPH,A
   \   00002C   8882         MOV     DPL,R0
   \   00002E   12....       LCALL   ?CALL_IND
    367            }
   \                     ??HalKeyPoll_1:
   \   000031   02....       LJMP    ?Subroutine0 & 0xFFFF
   \   000034                REQUIRE _A_P0
    368          }
    369          
    370          /**************************************************************************************************
    371           * @fn      halGetJoyKeyInput
    372           *
    373           * @brief   Map the ADC value to its corresponding key.
    374           *
    375           * @param   None
    376           *
    377           * @return  keys - current joy key status
    378           **************************************************************************************************/

   \                                 In  segment BANKED_CODE, align 1, keep-with-next
    379          uint8 halGetJoyKeyInput(void)
   \                     halGetJoyKeyInput:
    380          {
   \   000000   74F7         MOV     A,#-0x9
   \   000002   12....       LCALL   ?BANKED_ENTER_XDATA
   \   000005                ; Saved register size: 9
   \   000005                ; Auto size: 0
    381            /* The joystick control is encoded as an analog voltage.
    382             * Read the JOY_LEVEL analog value and map it to joy movement.
    383             */
    384            uint8 adc;
    385            uint8 ksave0 = 0;
   \   000005   7E00         MOV     R6,#0x0
    386            uint8 ksave1;
    387          
    388            /* Keep on reading the ADC until two consecutive key decisions are the same. */
    389            do
    390            {
    391              ksave1 = ksave0;    /* save previouse key reading */
   \                     ??halGetJoyKeyInput_0:
   \   000007   EE           MOV     A,R6
   \   000008   FF           MOV     R7,A
    392          
    393              adc = HalAdcRead (HAL_KEY_JOY_CHN, HAL_ADC_RESOLUTION_8);
   \   000009                ; Setup parameters for call to function HalAdcRead
   \   000009   7A01         MOV     R2,#0x1
   \   00000B   7906         MOV     R1,#0x6
   \   00000D   12....       LCALL   ??HalAdcRead?relay
    394          
    395              if ((adc >= 2) && (adc <= 38))
   \   000010   74FE         MOV     A,#-0x2
   \   000012   2A           ADD     A,R2
   \   000013   C3           CLR     C
   \   000014   9425         SUBB    A,#0x25
   \   000016   5005         JNC     ??halGetJoyKeyInput_1
    396              {
    397                 ksave0 |= HAL_KEY_UP;
   \   000018   EE           MOV     A,R6
   \   000019   D2E0         SETB    0xE0 /* A   */.0
   \   00001B   8032         SJMP    ??halGetJoyKeyInput_2
    398              }
    399              else if ((adc >= 74) && (adc <= 88))
   \                     ??halGetJoyKeyInput_1:
   \   00001D   74B6         MOV     A,#-0x4a
   \   00001F   2A           ADD     A,R2
   \   000020   C3           CLR     C
   \   000021   940F         SUBB    A,#0xf
   \   000023   5005         JNC     ??halGetJoyKeyInput_3
    400              {
    401                ksave0 |= HAL_KEY_RIGHT;
   \   000025   EE           MOV     A,R6
   \   000026   D2E1         SETB    0xE0 /* A   */.1
   \   000028   8025         SJMP    ??halGetJoyKeyInput_2
    402              }
    403              else if ((adc >= 60) && (adc <= 73))
   \                     ??halGetJoyKeyInput_3:
   \   00002A   74C4         MOV     A,#-0x3c
   \   00002C   2A           ADD     A,R2
   \   00002D   C3           CLR     C
   \   00002E   940E         SUBB    A,#0xe
   \   000030   5005         JNC     ??halGetJoyKeyInput_4
    404              {
    405                ksave0 |= HAL_KEY_LEFT;
   \   000032   EE           MOV     A,R6
   \   000033   D2E3         SETB    0xE0 /* A   */.3
   \   000035   8018         SJMP    ??halGetJoyKeyInput_2
    406              }
    407              else if ((adc >= 39) && (adc <= 59))
   \                     ??halGetJoyKeyInput_4:
   \   000037   74D9         MOV     A,#-0x27
   \   000039   2A           ADD     A,R2
   \   00003A   C3           CLR     C
   \   00003B   9415         SUBB    A,#0x15
   \   00003D   5005         JNC     ??halGetJoyKeyInput_5
    408              {
    409                ksave0 |= HAL_KEY_DOWN;
   \   00003F   EE           MOV     A,R6
   \   000040   D2E4         SETB    0xE0 /* A   */.4
   \   000042   800B         SJMP    ??halGetJoyKeyInput_2
    410              }
    411              else if ((adc >= 89) && (adc <= 100))
   \                     ??halGetJoyKeyInput_5:
   \   000044   74A7         MOV     A,#-0x59
   \   000046   2A           ADD     A,R2
   \   000047   C3           CLR     C
   \   000048   940C         SUBB    A,#0xc
   \   00004A   5004         JNC     ??halGetJoyKeyInput_6
    412              {
    413                ksave0 |= HAL_KEY_CENTER;
   \   00004C   EE           MOV     A,R6
   \   00004D   D2E2         SETB    0xE0 /* A   */.2
   \                     ??halGetJoyKeyInput_2:
   \   00004F   FE           MOV     R6,A
    414              }
    415            } while (ksave0 != ksave1);
   \                     ??halGetJoyKeyInput_6:
   \   000050   EF           MOV     A,R7
   \   000051   6E           XRL     A,R6
   \   000052   70B3         JNZ     ??halGetJoyKeyInput_0
    416          
    417            return ksave0;
   \   000054   EE           MOV     A,R6
   \   000055   F9           MOV     R1,A
   \   000056   02....       LJMP    ?Subroutine1 & 0xFFFF
    418          }
    419          
    420          
    421          
    422          
    423          
    424          /**************************************************************************************************
    425           * @fn      halProcessKeyInterrupt
    426           *
    427           * @brief   Checks to see if it's a valid key interrupt, saves interrupt driven key states for
    428           *          processing by HalKeyRead(), and debounces keys by scheduling HalKeyRead() 25ms later.
    429           *
    430           * @param
    431           *
    432           * @return
    433           **************************************************************************************************/

   \                                 In  segment BANKED_CODE, align 1, keep-with-next
    434          void halProcessKeyInterrupt (void)
   \                     halProcessKeyInterrupt:
    435          {
   \   000000   C082         PUSH    DPL
   \   000002   C083         PUSH    DPH
   \   000004                ; Saved register size: 2
   \   000004                ; Auto size: 0
    436            bool valid=FALSE;
   \   000004   7A00         MOV     R2,#0x0
    437          
    438            if (HAL_KEY_SW_6_PXIFG & HAL_KEY_SW_6_BIT)  /* Interrupt Flag has been set */
   \   000006   E589         MOV     A,0x89
   \   000008   A2E1         MOV     C,0xE0 /* A   */.1
   \   00000A   5004         JNC     ??halProcessKeyInterrupt_0
    439            {
    440              HAL_KEY_SW_6_PXIFG = ~(HAL_KEY_SW_6_BIT); /* Clear Interrupt Flag */
   \   00000C   7589FD       MOV     0x89,#-0x3
    441              valid = TRUE;
   \   00000F   0A           INC     R2
    442            }
    443          
    444            if (HAL_KEY_JOY_MOVE_PXIFG & HAL_KEY_JOY_MOVE_BIT)  /* Interrupt Flag has been set */
   \                     ??halProcessKeyInterrupt_0:
   \   000010   E58B         MOV     A,0x8b
   \   000012   A2E0         MOV     C,0xE0 /* A   */.0
   \   000014   5005         JNC     ??halProcessKeyInterrupt_1
    445            {
    446              HAL_KEY_JOY_MOVE_PXIFG = ~(HAL_KEY_JOY_MOVE_BIT); /* Clear Interrupt Flag */
   \   000016   758BFE       MOV     0x8b,#-0x2
    447              valid = TRUE;
   \   000019   8003         SJMP    ??halProcessKeyInterrupt_2
    448            }
    449          
    450            if (valid)
   \                     ??halProcessKeyInterrupt_1:
   \   00001B   EA           MOV     A,R2
   \   00001C   6010         JZ      ??halProcessKeyInterrupt_3
    451            {
    452              osal_start_timerEx (Hal_TaskID, HAL_KEY_EVENT, HAL_KEY_DEBOUNCE_VALUE);
   \                     ??halProcessKeyInterrupt_2:
   \   00001E                ; Setup parameters for call to function osal_start_timerEx
   \   00001E   7C19         MOV     R4,#0x19
   \   000020   7D00         MOV     R5,#0x0
   \   000022   7A01         MOV     R2,#0x1
   \   000024   7B00         MOV     R3,#0x0
   \   000026   90....       MOV     DPTR,#Hal_TaskID
   \   000029   E0           MOVX    A,@DPTR
   \   00002A   F9           MOV     R1,A
   \   00002B   12....       LCALL   ??osal_start_timerEx?relay
    453            }
    454          }
   \                     ??halProcessKeyInterrupt_3:
   \   00002E                REQUIRE ?Subroutine0
   \   00002E                REQUIRE P0IFG
   \   00002E                REQUIRE P2IFG
   \   00002E                ; // Fall through to label ?Subroutine0
    455          
    456          /**************************************************************************************************
    457           * @fn      HalKeyEnterSleep
    458           *
    459           * @brief  - Get called to enter sleep mode
    460           *
    461           * @param
    462           *
    463           * @return
    464           **************************************************************************************************/

   \                                 In  segment BANKED_CODE, align 1, keep-with-next
    465          void HalKeyEnterSleep ( void )
   \                     HalKeyEnterSleep:
    466          {
   \   000000                ; Saved register size: 0
   \   000000                ; Auto size: 0
    467          }
   \   000000   02....       LJMP    ?BRET
    468          
    469          /**************************************************************************************************
    470           * @fn      HalKeyExitSleep
    471           *
    472           * @brief   - Get called when sleep is over
    473           *
    474           * @param
    475           *
    476           * @return  - return saved keys
    477           **************************************************************************************************/

   \                                 In  segment BANKED_CODE, align 1, keep-with-next
    478          uint8 HalKeyExitSleep ( void )
   \                     HalKeyExitSleep:
    479          {
   \   000000   C082         PUSH    DPL
   \   000002   C083         PUSH    DPH
   \   000004                ; Saved register size: 2
   \   000004                ; Auto size: 0
    480            /* Wake up and read keys */
    481            return ( HalKeyRead () );
   \   000004                ; Setup parameters for call to function HalKeyRead
   \   000004   12....       LCALL   ??HalKeyRead?relay
   \   000007   80..         SJMP    ?Subroutine0
    482          }
    483          
    484          /***************************************************************************************************
    485           *                                    INTERRUPT SERVICE ROUTINE
    486           ***************************************************************************************************/
    487          
    488          /**************************************************************************************************
    489           * @fn      halKeyPort0Isr
    490           *
    491           * @brief   Port0 ISR
    492           *
    493           * @param
    494           *
    495           * @return
    496           **************************************************************************************************/

   \                                 In  segment NEAR_CODE, align 1, keep-with-next
    497          HAL_ISR_FUNCTION( halKeyPort0Isr, P0INT_VECTOR )
   \                     halKeyPort0Isr:
    498          {
   \   000000   C0E0         PUSH    A
   \   000002   74F2         MOV     A,#-0xe
   \   000004   12....       LCALL   ?INTERRUPT_ENTER_XSP
   \   000007                ; Saved register size: 15
   \   000007                ; Auto size: 0
    499            HAL_ENTER_ISR();
   \   000007   A2AF         MOV     C,0xa8.7
   \   000009   E4           CLR     A
   \   00000A   92E0         MOV     0xE0 /* A   */.0,C
   \   00000C   FE           MOV     R6,A
   \   00000D   D2AF         SETB    0xa8.7
    500          
    501            if (HAL_KEY_SW_6_PXIFG & HAL_KEY_SW_6_BIT)
   \   00000F   E589         MOV     A,0x89
   \   000011   A2E1         MOV     C,0xE0 /* A   */.1
   \   000013   5003         JNC     ??halKeyPort0Isr_0
    502            {
    503              halProcessKeyInterrupt();
   \   000015                ; Setup parameters for call to function halProcessKeyInterrupt
   \   000015   12....       LCALL   ??halProcessKeyInterrupt?relay
    504            }
    505          
    506            /*
    507              Clear the CPU interrupt flag for Port_0
    508              PxIFG has to be cleared before PxIF
    509            */
    510            HAL_KEY_SW_6_PXIFG = 0;
   \                     ??halKeyPort0Isr_0:
   \   000018   758900       MOV     0x89,#0x0
    511            HAL_KEY_CPU_PORT_0_IF = 0;
   \   00001B   C2C5         CLR     0xc0.5
    512            
    513            CLEAR_SLEEP_MODE();
   \   00001D                REQUIRE ?Subroutine2
   \   00001D                REQUIRE P0IFG
   \   00001D                REQUIRE _A_IEN0
   \   00001D                REQUIRE _A_IRCON
   \   00001D                ; // Fall through to label ?Subroutine2
    514            HAL_EXIT_ISR();
    515          }

   \                                 In  segment NEAR_CODE, align 1, keep-with-next
   \                     ?Subroutine2:
   \   000000   75..00       MOV     halSleepPconValue,#0x0
   \   000003   EE           MOV     A,R6
   \   000004   A2E0         MOV     C,0xE0 /* A   */.0
   \   000006   92AF         MOV     0xa8.7,C
   \   000008   7F01         MOV     R7,#0x1
   \   00000A   02....       LJMP    ?INTERRUPT_LEAVE_XSP
    516          
    517          
    518          /**************************************************************************************************
    519           * @fn      halKeyPort2Isr
    520           *
    521           * @brief   Port2 ISR
    522           *
    523           * @param
    524           *
    525           * @return
    526           **************************************************************************************************/

   \                                 In  segment NEAR_CODE, align 1, keep-with-next
    527          HAL_ISR_FUNCTION( halKeyPort2Isr, P2INT_VECTOR )
   \                     halKeyPort2Isr:
    528          {
   \   000000   C0E0         PUSH    A
   \   000002   74F2         MOV     A,#-0xe
   \   000004   12....       LCALL   ?INTERRUPT_ENTER_XSP
   \   000007                ; Saved register size: 15
   \   000007                ; Auto size: 0
    529            HAL_ENTER_ISR();
   \   000007   A2AF         MOV     C,0xa8.7
   \   000009   E4           CLR     A
   \   00000A   92E0         MOV     0xE0 /* A   */.0,C
   \   00000C   FE           MOV     R6,A
   \   00000D   D2AF         SETB    0xa8.7
    530            
    531            if (HAL_KEY_JOY_MOVE_PXIFG & HAL_KEY_JOY_MOVE_BIT)
   \   00000F   E58B         MOV     A,0x8b
   \   000011   A2E0         MOV     C,0xE0 /* A   */.0
   \   000013   5003         JNC     ??halKeyPort2Isr_0
    532            {
    533              halProcessKeyInterrupt();
   \   000015                ; Setup parameters for call to function halProcessKeyInterrupt
   \   000015   12....       LCALL   ??halProcessKeyInterrupt?relay
    534            }
    535          
    536            /*
    537              Clear the CPU interrupt flag for Port_2
    538              PxIFG has to be cleared before PxIF
    539              Notes: P2_1 and P2_2 are debug lines.
    540            */
    541            HAL_KEY_JOY_MOVE_PXIFG = 0;
   \                     ??halKeyPort2Isr_0:
   \   000018   758B00       MOV     0x8b,#0x0
    542            HAL_KEY_CPU_PORT_2_IF = 0;
   \   00001B   C2E8         CLR     0xe8.0
    543          
    544            CLEAR_SLEEP_MODE();
   \   00001D   80..         SJMP    ?Subroutine2
   \   00001F                REQUIRE P2IFG
   \   00001F                REQUIRE _A_IEN0
   \   00001F                REQUIRE _A_IRCON2
    545            HAL_EXIT_ISR();
    546          }

   \                                 In  segment INTVEC, offset 0x33, root
   \                     `??halKeyPort2Isr??INTVEC 51`:
   \   000033   02....       LJMP       (halKeyPort2Isr)

   \                                 In  segment INTVEC, offset 0x6b, root
   \                     `??halKeyPort0Isr??INTVEC 107`:
   \   00006B   02....       LJMP       (halKeyPort0Isr)

   \                                 In  segment BANK_RELAYS, align 1
   \                     ??HalKeyInit?relay:
   \   000000   12....       LCALL   ?BDISPATCH
   \   000003   ......       DC24    HalKeyInit

   \                                 In  segment BANK_RELAYS, align 1
   \                     ??HalKeyConfig?relay:
   \   000000   12....       LCALL   ?BDISPATCH
   \   000003   ......       DC24    HalKeyConfig

   \                                 In  segment BANK_RELAYS, align 1
   \                     ??HalKeyRead?relay:
   \   000000   12....       LCALL   ?BDISPATCH
   \   000003   ......       DC24    HalKeyRead

   \                                 In  segment BANK_RELAYS, align 1
   \                     ??HalKeyPoll?relay:
   \   000000   12....       LCALL   ?BDISPATCH
   \   000003   ......       DC24    HalKeyPoll

   \                                 In  segment BANK_RELAYS, align 1
   \                     ??halGetJoyKeyInput?relay:
   \   000000   12....       LCALL   ?BDISPATCH
   \   000003   ......       DC24    halGetJoyKeyInput

   \                                 In  segment BANK_RELAYS, align 1
   \                     ??halProcessKeyInterrupt?relay:
   \   000000   12....       LCALL   ?BDISPATCH
   \   000003   ......       DC24    halProcessKeyInterrupt

   \                                 In  segment BANK_RELAYS, align 1
   \                     ??HalKeyEnterSleep?relay:
   \   000000   12....       LCALL   ?BDISPATCH
   \   000003   ......       DC24    HalKeyEnterSleep

   \                                 In  segment BANK_RELAYS, align 1
   \                     ??HalKeyExitSleep?relay:
   \   000000   12....       LCALL   ?BDISPATCH
   \   000003   ......       DC24    HalKeyExitSleep
    547          
    548          #else
    549          
    550          
    551          void HalKeyInit(void){}
    552          void HalKeyConfig(bool interruptEnable, halKeyCBack_t cback){}
    553          uint8 HalKeyRead(void){ return 0;}
    554          void HalKeyPoll(void){}
    555          
    556          #endif /* HAL_KEY */
    557          
    558          
    559          
    560          
    561          
    562          /**************************************************************************************************
    563          **************************************************************************************************/
    564          
    565          
    566          

   Maximum stack usage in bytes:

     Function                    ISTACK PSTACK XSTACK
     --------                    ------ ------ ------
     HalKeyConfig                    0      0      9
       -> osal_stop_timerEx          0      0     18
       -> osal_set_event             0      0     18
     HalKeyEnterSleep                0      0      0
     HalKeyExitSleep                 2      0      0
       -> HalKeyRead                 4      0      0
     HalKeyInit                      2      0      0
     HalKeyPoll                      2      0      0
     HalKeyRead                      0      0      9
       -> halGetJoyKeyInput          0      0     18
     halGetJoyKeyInput               0      0     18
       -> HalAdcRead                 0      0     18
     halKeyPort0Isr                 15      0      0
       -> halProcessKeyInterrupt    30      0      0
     halKeyPort2Isr                 15      0      0
       -> halProcessKeyInterrupt    30      0      0
     halProcessKeyInterrupt          2      0      0
       -> osal_start_timerEx         4      0      0


   Segment part sizes:

     Function/Label                 Bytes
     --------------                 -----
     _A_P0                             1
     P0IFG                             1
     P2IFG                             1
     PICTL                             1
     IEN2                              1
     _A_P2                             1
     _A_IEN0                           1
     P0IEN                             1
     P2IEN                             1
     _A_IEN1                           1
     _A_IRCON                          1
     _A_IRCON2                         1
     P0SEL                             1
     P0DIR                             1
     halKeySavedKeys                   1
     pHalKeyProcessFunction            2
     HalKeyConfigured                  1
     Hal_KeyIntEnable                  1
     HalKeyInit                       28
     ?Subroutine0                      7
     HalKeyConfig                    102
     HalKeyRead                       27
     ?Subroutine1                      5
     HalKeyPoll                       52
     halGetJoyKeyInput                89
     halProcessKeyInterrupt           46
     HalKeyEnterSleep                  3
     HalKeyExitSleep                   9
     halKeyPort0Isr                   29
     ?Subroutine2                     13
     halKeyPort2Isr                   31
     ??halKeyPort2Isr??INTVEC 51       3
     ??halKeyPort0Isr??INTVEC 107      3
     ??HalKeyInit?relay                6
     ??HalKeyConfig?relay              6
     ??HalKeyRead?relay                6
     ??HalKeyPoll?relay                6
     ??halGetJoyKeyInput?relay         6
     ??halProcessKeyInterrupt?relay    6
     ??HalKeyEnterSleep?relay          6
     ??HalKeyExitSleep?relay           6

 
 368 bytes in segment BANKED_CODE
  48 bytes in segment BANK_RELAYS
   6 bytes in segment INTVEC
  73 bytes in segment NEAR_CODE
  14 bytes in segment SFR_AN
   5 bytes in segment XDATA_Z
 
 489 bytes of CODE  memory (+  6 bytes shared)
   0 bytes of DATA  memory (+ 14 bytes shared)
   5 bytes of XDATA memory

Errors: none
Warnings: none
